This is pdfTeX, Version 3.14159265-2.6-1.40.16 (TeX Live 2015) (preloaded format=pdflatex 2015.5.24)  21 SEP 2016 23:06
entering extended mode
 restricted \write18 enabled.
 %&-line parsing enabled.
**Precept2_RVs_alt.tex
(./Precept2_RVs_alt.tex
LaTeX2e <2015/01/01>
Babel <3.9l> and hyphenation patterns for 79 languages loaded.
(/usr/local/texlive/2015/texmf-dist/tex/latex/beamer/beamer.cls
(/usr/local/texlive/2015/texmf-dist/tex/latex/beamer/beamerbasercs.sty
Package: beamerbasercs 2015/03/08 (rcs-revision 368aa9ba9d38)
)
Document Class: beamer 2015/01/05 3.36 A class for typesetting presentations (r
cs-revision 8a39122e1f63)
(/usr/local/texlive/2015/texmf-dist/tex/latex/beamer/beamerbasemodes.sty
Package: beamerbasemodes 2013/09/03 (rcs-revision 768f2d98ca64)
\beamer@tempbox=\box26
\beamer@tempcount=\count79
\c@beamerpauses=\count80

(/usr/local/texlive/2015/texmf-dist/tex/latex/beamer/beamerbasedecode.sty
Package: beamerbasedecode 2010/05/01 (rcs-revision efa082c6111d)
\beamer@slideinframe=\count81
\beamer@minimum=\count82
)
\beamer@commentbox=\box27
\beamer@modecount=\count83
)
(/usr/local/texlive/2015/texmf-dist/tex/generic/oberdiek/ifpdf.sty
Package: ifpdf 2011/01/30 v2.3 Provides the ifpdf switch (HO)
Package ifpdf Info: pdfTeX in PDF mode is detected.
)
\headheight=\dimen102
\headdp=\dimen103
\footheight=\dimen104
\sidebarheight=\dimen105
\beamer@tempdim=\dimen106
\beamer@finalheight=\dimen107
\beamer@animht=\dimen108
\beamer@animdp=\dimen109
\beamer@animwd=\dimen110
\beamer@leftmargin=\dimen111
\beamer@rightmargin=\dimen112
\beamer@leftsidebar=\dimen113
\beamer@rightsidebar=\dimen114
\beamer@boxsize=\dimen115
\beamer@vboxoffset=\dimen116
\beamer@descdefault=\dimen117
\beamer@descriptionwidth=\dimen118
\beamer@lastskip=\skip41
\beamer@areabox=\box28
\beamer@animcurrent=\box29
\beamer@animshowbox=\box30
\beamer@sectionbox=\box31
\beamer@logobox=\box32
\beamer@linebox=\box33
\beamer@sectioncount=\count84
\beamer@subsubsectionmax=\count85
\beamer@subsectionmax=\count86
\beamer@sectionmax=\count87
\beamer@totalheads=\count88
\beamer@headcounter=\count89
\beamer@partstartpage=\count90
\beamer@sectionstartpage=\count91
\beamer@subsectionstartpage=\count92
\beamer@animationtempa=\count93
\beamer@animationtempb=\count94
\beamer@xpos=\count95
\beamer@ypos=\count96
\beamer@showpartnumber=\count97
\beamer@currentsubsection=\count98
\beamer@coveringdepth=\count99
\beamer@sectionadjust=\count100
\beamer@tocsectionnumber=\count101

(/usr/local/texlive/2015/texmf-dist/tex/latex/beamer/beamerbaseoptions.sty
Package: beamerbaseoptions 2013/03/10 (rcs-revision 47431932db0d)

(/usr/local/texlive/2015/texmf-dist/tex/latex/graphics/keyval.sty
Package: keyval 2014/10/28 v1.15 key=value parser (DPC)
\KV@toks@=\toks14
))
\beamer@paperwidth=\skip42
\beamer@paperheight=\skip43

(/usr/local/texlive/2015/texmf-dist/tex/latex/geometry/geometry.sty
Package: geometry 2010/09/12 v5.6 Page Geometry

(/usr/local/texlive/2015/texmf-dist/tex/generic/oberdiek/ifvtex.sty
Package: ifvtex 2010/03/01 v1.5 Detect VTeX and its facilities (HO)
Package ifvtex Info: VTeX not detected.
)
(/usr/local/texlive/2015/texmf-dist/tex/generic/ifxetex/ifxetex.sty
Package: ifxetex 2010/09/12 v0.6 Provides ifxetex conditional
)
\Gm@cnth=\count102
\Gm@cntv=\count103
\c@Gm@tempcnt=\count104
\Gm@bindingoffset=\dimen119
\Gm@wd@mp=\dimen120
\Gm@odd@mp=\dimen121
\Gm@even@mp=\dimen122
\Gm@layoutwidth=\dimen123
\Gm@layoutheight=\dimen124
\Gm@layouthoffset=\dimen125
\Gm@layoutvoffset=\dimen126
\Gm@dimlist=\toks15
)
(/usr/local/texlive/2015/texmf-dist/tex/latex/base/size11.clo
File: size11.clo 2014/09/29 v1.4h Standard LaTeX file (size option)
)
(/usr/local/texlive/2015/texmf-dist/tex/latex/pgf/basiclayer/pgfcore.sty
(/usr/local/texlive/2015/texmf-dist/tex/latex/graphics/graphicx.sty
Package: graphicx 2014/10/28 v1.0g Enhanced LaTeX Graphics (DPC,SPQR)

(/usr/local/texlive/2015/texmf-dist/tex/latex/graphics/graphics.sty
Package: graphics 2014/10/28 v1.0p Standard LaTeX Graphics (DPC,SPQR)

(/usr/local/texlive/2015/texmf-dist/tex/latex/graphics/trig.sty
Package: trig 1999/03/16 v1.09 sin cos tan (DPC)
)
(/usr/local/texlive/2015/texmf-dist/tex/latex/latexconfig/graphics.cfg
File: graphics.cfg 2010/04/23 v1.9 graphics configuration of TeX Live
)
Package graphics Info: Driver file: pdftex.def on input line 94.

(/usr/local/texlive/2015/texmf-dist/tex/latex/pdftex-def/pdftex.def
File: pdftex.def 2011/05/27 v0.06d Graphics/color for pdfTeX

(/usr/local/texlive/2015/texmf-dist/tex/generic/oberdiek/infwarerr.sty
Package: infwarerr 2010/04/08 v1.3 Providing info/warning/error messages (HO)
)
(/usr/local/texlive/2015/texmf-dist/tex/generic/oberdiek/ltxcmds.sty
Package: ltxcmds 2011/11/09 v1.22 LaTeX kernel commands for general use (HO)
)
\Gread@gobject=\count105
))
\Gin@req@height=\dimen127
\Gin@req@width=\dimen128
)
(/usr/local/texlive/2015/texmf-dist/tex/latex/pgf/systemlayer/pgfsys.sty
(/usr/local/texlive/2015/texmf-dist/tex/latex/pgf/utilities/pgfrcs.sty
(/usr/local/texlive/2015/texmf-dist/tex/generic/pgf/utilities/pgfutil-common.te
x
\pgfutil@everybye=\toks16
\pgfutil@tempdima=\dimen129
\pgfutil@tempdimb=\dimen130

(/usr/local/texlive/2015/texmf-dist/tex/generic/pgf/utilities/pgfutil-common-li
sts.tex))
(/usr/local/texlive/2015/texmf-dist/tex/generic/pgf/utilities/pgfutil-latex.def
\pgfutil@abb=\box34
(/usr/local/texlive/2015/texmf-dist/tex/latex/ms/everyshi.sty
Package: everyshi 2001/05/15 v3.00 EveryShipout Package (MS)
))
(/usr/local/texlive/2015/texmf-dist/tex/generic/pgf/utilities/pgfrcs.code.tex
Package: pgfrcs 2013/12/20 v3.0.0 (rcs-revision 1.28)
))
(/usr/local/texlive/2015/texmf-dist/tex/generic/pgf/systemlayer/pgfsys.code.tex
Package: pgfsys 2013/11/30 v3.0.0 (rcs-revision 1.47)
(/usr/local/texlive/2015/texmf-dist/tex/generic/pgf/utilities/pgfkeys.code.tex
\pgfkeys@pathtoks=\toks17
\pgfkeys@temptoks=\toks18

(/usr/local/texlive/2015/texmf-dist/tex/generic/pgf/utilities/pgfkeysfiltered.c
ode.tex
\pgfkeys@tmptoks=\toks19
))
\pgf@x=\dimen131
\pgf@y=\dimen132
\pgf@xa=\dimen133
\pgf@ya=\dimen134
\pgf@xb=\dimen135
\pgf@yb=\dimen136
\pgf@xc=\dimen137
\pgf@yc=\dimen138
\w@pgf@writea=\write3
\r@pgf@reada=\read1
\c@pgf@counta=\count106
\c@pgf@countb=\count107
\c@pgf@countc=\count108
\c@pgf@countd=\count109
\t@pgf@toka=\toks20
\t@pgf@tokb=\toks21
\t@pgf@tokc=\toks22

(/usr/local/texlive/2015/texmf-dist/tex/generic/pgf/systemlayer/pgf.cfg
File: pgf.cfg 2008/05/14  (rcs-revision 1.7)
)
Driver file for pgf: pgfsys-pdftex.def

(/usr/local/texlive/2015/texmf-dist/tex/generic/pgf/systemlayer/pgfsys-pdftex.d
ef
File: pgfsys-pdftex.def 2013/07/18  (rcs-revision 1.33)

(/usr/local/texlive/2015/texmf-dist/tex/generic/pgf/systemlayer/pgfsys-common-p
df.def
File: pgfsys-common-pdf.def 2013/10/10  (rcs-revision 1.13)
)))
(/usr/local/texlive/2015/texmf-dist/tex/generic/pgf/systemlayer/pgfsyssoftpath.
code.tex
File: pgfsyssoftpath.code.tex 2013/09/09  (rcs-revision 1.9)
\pgfsyssoftpath@smallbuffer@items=\count110
\pgfsyssoftpath@bigbuffer@items=\count111
)
(/usr/local/texlive/2015/texmf-dist/tex/generic/pgf/systemlayer/pgfsysprotocol.
code.tex
File: pgfsysprotocol.code.tex 2006/10/16  (rcs-revision 1.4)
)) (/usr/local/texlive/2015/texmf-dist/tex/latex/xcolor/xcolor.sty
Package: xcolor 2007/01/21 v2.11 LaTeX color extensions (UK)

(/usr/local/texlive/2015/texmf-dist/tex/latex/latexconfig/color.cfg
File: color.cfg 2007/01/18 v1.5 color configuration of teTeX/TeXLive
)
Package xcolor Info: Driver file: pdftex.def on input line 225.
Package xcolor Info: Model `cmy' substituted by `cmy0' on input line 1337.
Package xcolor Info: Model `hsb' substituted by `rgb' on input line 1341.
Package xcolor Info: Model `RGB' extended on input line 1353.
Package xcolor Info: Model `HTML' substituted by `rgb' on input line 1355.
Package xcolor Info: Model `Hsb' substituted by `hsb' on input line 1356.
Package xcolor Info: Model `tHsb' substituted by `hsb' on input line 1357.
Package xcolor Info: Model `HSB' substituted by `hsb' on input line 1358.
Package xcolor Info: Model `Gray' substituted by `gray' on input line 1359.
Package xcolor Info: Model `wave' substituted by `hsb' on input line 1360.
)
(/usr/local/texlive/2015/texmf-dist/tex/generic/pgf/basiclayer/pgfcore.code.tex
Package: pgfcore 2010/04/11 v3.0.0 (rcs-revision 1.7)
(/usr/local/texlive/2015/texmf-dist/tex/generic/pgf/math/pgfmath.code.tex
(/usr/local/texlive/2015/texmf-dist/tex/generic/pgf/math/pgfmathcalc.code.tex
(/usr/local/texlive/2015/texmf-dist/tex/generic/pgf/math/pgfmathutil.code.tex)
(/usr/local/texlive/2015/texmf-dist/tex/generic/pgf/math/pgfmathparser.code.tex
\pgfmath@dimen=\dimen139
\pgfmath@count=\count112
\pgfmath@box=\box35
\pgfmath@toks=\toks23
\pgfmath@stack@operand=\toks24
\pgfmath@stack@operation=\toks25
)
(/usr/local/texlive/2015/texmf-dist/tex/generic/pgf/math/pgfmathfunctions.code.
tex
(/usr/local/texlive/2015/texmf-dist/tex/generic/pgf/math/pgfmathfunctions.basic
.code.tex)
(/usr/local/texlive/2015/texmf-dist/tex/generic/pgf/math/pgfmathfunctions.trigo
nometric.code.tex)
(/usr/local/texlive/2015/texmf-dist/tex/generic/pgf/math/pgfmathfunctions.rando
m.code.tex)
(/usr/local/texlive/2015/texmf-dist/tex/generic/pgf/math/pgfmathfunctions.compa
rison.code.tex)
(/usr/local/texlive/2015/texmf-dist/tex/generic/pgf/math/pgfmathfunctions.base.
code.tex)
(/usr/local/texlive/2015/texmf-dist/tex/generic/pgf/math/pgfmathfunctions.round
.code.tex)
(/usr/local/texlive/2015/texmf-dist/tex/generic/pgf/math/pgfmathfunctions.misc.
code.tex)
(/usr/local/texlive/2015/texmf-dist/tex/generic/pgf/math/pgfmathfunctions.integ
erarithmetics.code.tex)))
(/usr/local/texlive/2015/texmf-dist/tex/generic/pgf/math/pgfmathfloat.code.tex
\c@pgfmathroundto@lastzeros=\count113
))
(/usr/local/texlive/2015/texmf-dist/tex/generic/pgf/basiclayer/pgfcorepoints.co
de.tex
File: pgfcorepoints.code.tex 2013/10/07  (rcs-revision 1.27)
\pgf@picminx=\dimen140
\pgf@picmaxx=\dimen141
\pgf@picminy=\dimen142
\pgf@picmaxy=\dimen143
\pgf@pathminx=\dimen144
\pgf@pathmaxx=\dimen145
\pgf@pathminy=\dimen146
\pgf@pathmaxy=\dimen147
\pgf@xx=\dimen148
\pgf@xy=\dimen149
\pgf@yx=\dimen150
\pgf@yy=\dimen151
\pgf@zx=\dimen152
\pgf@zy=\dimen153
)
(/usr/local/texlive/2015/texmf-dist/tex/generic/pgf/basiclayer/pgfcorepathconst
ruct.code.tex
File: pgfcorepathconstruct.code.tex 2013/10/07  (rcs-revision 1.29)
\pgf@path@lastx=\dimen154
\pgf@path@lasty=\dimen155
)
(/usr/local/texlive/2015/texmf-dist/tex/generic/pgf/basiclayer/pgfcorepathusage
.code.tex
File: pgfcorepathusage.code.tex 2013/12/13  (rcs-revision 1.23)
\pgf@shorten@end@additional=\dimen156
\pgf@shorten@start@additional=\dimen157
)
(/usr/local/texlive/2015/texmf-dist/tex/generic/pgf/basiclayer/pgfcorescopes.co
de.tex
File: pgfcorescopes.code.tex 2013/10/09  (rcs-revision 1.44)
\pgfpic=\box36
\pgf@hbox=\box37
\pgf@layerbox@main=\box38
\pgf@picture@serial@count=\count114
)
(/usr/local/texlive/2015/texmf-dist/tex/generic/pgf/basiclayer/pgfcoregraphicst
ate.code.tex
File: pgfcoregraphicstate.code.tex 2013/09/19  (rcs-revision 1.11)
\pgflinewidth=\dimen158
)
(/usr/local/texlive/2015/texmf-dist/tex/generic/pgf/basiclayer/pgfcoretransform
ations.code.tex
File: pgfcoretransformations.code.tex 2013/10/10  (rcs-revision 1.17)
\pgf@pt@x=\dimen159
\pgf@pt@y=\dimen160
\pgf@pt@temp=\dimen161
)
(/usr/local/texlive/2015/texmf-dist/tex/generic/pgf/basiclayer/pgfcorequick.cod
e.tex
File: pgfcorequick.code.tex 2008/10/09  (rcs-revision 1.3)
)
(/usr/local/texlive/2015/texmf-dist/tex/generic/pgf/basiclayer/pgfcoreobjects.c
ode.tex
File: pgfcoreobjects.code.tex 2006/10/11  (rcs-revision 1.2)
)
(/usr/local/texlive/2015/texmf-dist/tex/generic/pgf/basiclayer/pgfcorepathproce
ssing.code.tex
File: pgfcorepathprocessing.code.tex 2013/09/09  (rcs-revision 1.9)
)
(/usr/local/texlive/2015/texmf-dist/tex/generic/pgf/basiclayer/pgfcorearrows.co
de.tex
File: pgfcorearrows.code.tex 2013/11/07  (rcs-revision 1.40)
\pgfarrowsep=\dimen162
)
(/usr/local/texlive/2015/texmf-dist/tex/generic/pgf/basiclayer/pgfcoreshade.cod
e.tex
File: pgfcoreshade.code.tex 2013/07/15  (rcs-revision 1.15)
\pgf@max=\dimen163
\pgf@sys@shading@range@num=\count115
)
(/usr/local/texlive/2015/texmf-dist/tex/generic/pgf/basiclayer/pgfcoreimage.cod
e.tex
File: pgfcoreimage.code.tex 2013/07/15  (rcs-revision 1.18)

(/usr/local/texlive/2015/texmf-dist/tex/generic/pgf/basiclayer/pgfcoreexternal.
code.tex
File: pgfcoreexternal.code.tex 2013/07/15  (rcs-revision 1.20)
\pgfexternal@startupbox=\box39
))
(/usr/local/texlive/2015/texmf-dist/tex/generic/pgf/basiclayer/pgfcorelayers.co
de.tex
File: pgfcorelayers.code.tex 2013/07/18  (rcs-revision 1.7)
)
(/usr/local/texlive/2015/texmf-dist/tex/generic/pgf/basiclayer/pgfcoretranspare
ncy.code.tex
File: pgfcoretransparency.code.tex 2013/09/30  (rcs-revision 1.5)
)
(/usr/local/texlive/2015/texmf-dist/tex/generic/pgf/basiclayer/pgfcorepatterns.
code.tex
File: pgfcorepatterns.code.tex 2013/11/07  (rcs-revision 1.5)
)))
(/usr/local/texlive/2015/texmf-dist/tex/latex/pgf/utilities/xxcolor.sty
Package: xxcolor 2003/10/24 ver 0.1
\XC@nummixins=\count116
\XC@countmixins=\count117
)
(/usr/local/texlive/2015/texmf-dist/tex/generic/oberdiek/atbegshi.sty
Package: atbegshi 2011/10/05 v1.16 At begin shipout hook (HO)
)
(/usr/local/texlive/2015/texmf-dist/tex/latex/hyperref/hyperref.sty
Package: hyperref 2012/11/06 v6.83m Hypertext links for LaTeX

(/usr/local/texlive/2015/texmf-dist/tex/generic/oberdiek/hobsub-hyperref.sty
Package: hobsub-hyperref 2012/05/28 v1.13 Bundle oberdiek, subset hyperref (HO)


(/usr/local/texlive/2015/texmf-dist/tex/generic/oberdiek/hobsub-generic.sty
Package: hobsub-generic 2012/05/28 v1.13 Bundle oberdiek, subset generic (HO)
Package: hobsub 2012/05/28 v1.13 Construct package bundles (HO)
Package hobsub Info: Skipping package `infwarerr' (already loaded).
Package hobsub Info: Skipping package `ltxcmds' (already loaded).
Package: ifluatex 2010/03/01 v1.3 Provides the ifluatex switch (HO)
Package ifluatex Info: LuaTeX not detected.
Package hobsub Info: Skipping package `ifvtex' (already loaded).
Package: intcalc 2007/09/27 v1.1 Expandable calculations with integers (HO)
Package hobsub Info: Skipping package `ifpdf' (already loaded).
Package: etexcmds 2011/02/16 v1.5 Avoid name clashes with e-TeX commands (HO)
Package etexcmds Info: Could not find \expanded.
(etexcmds)             That can mean that you are not using pdfTeX 1.50 or
(etexcmds)             that some package has redefined \expanded.
(etexcmds)             In the latter case, load this package earlier.
Package: kvsetkeys 2012/04/25 v1.16 Key value parser (HO)
Package: kvdefinekeys 2011/04/07 v1.3 Define keys (HO)
Package: pdftexcmds 2011/11/29 v0.20 Utility functions of pdfTeX for LuaTeX (HO
)
Package pdftexcmds Info: LuaTeX not detected.
Package pdftexcmds Info: \pdf@primitive is available.
Package pdftexcmds Info: \pdf@ifprimitive is available.
Package pdftexcmds Info: \pdfdraftmode found.
Package: pdfescape 2011/11/25 v1.13 Implements pdfTeX's escape features (HO)
Package: bigintcalc 2012/04/08 v1.3 Expandable calculations on big integers (HO
)
Package: bitset 2011/01/30 v1.1 Handle bit-vector datatype (HO)
Package: uniquecounter 2011/01/30 v1.2 Provide unlimited unique counter (HO)
)
Package hobsub Info: Skipping package `hobsub' (already loaded).
Package: letltxmacro 2010/09/02 v1.4 Let assignment for LaTeX macros (HO)
Package: hopatch 2012/05/28 v1.2 Wrapper for package hooks (HO)
Package: xcolor-patch 2011/01/30 xcolor patch
Package: atveryend 2011/06/30 v1.8 Hooks at the very end of document (HO)
Package atveryend Info: \enddocument detected (standard20110627).
Package hobsub Info: Skipping package `atbegshi' (already loaded).
Package: refcount 2011/10/16 v3.4 Data extraction from label references (HO)
Package: hycolor 2011/01/30 v1.7 Color options for hyperref/bookmark (HO)
)
(/usr/local/texlive/2015/texmf-dist/tex/latex/oberdiek/auxhook.sty
Package: auxhook 2011/03/04 v1.3 Hooks for auxiliary files (HO)
)
(/usr/local/texlive/2015/texmf-dist/tex/latex/oberdiek/kvoptions.sty
Package: kvoptions 2011/06/30 v3.11 Key value format for package options (HO)
)
\@linkdim=\dimen164
\Hy@linkcounter=\count118
\Hy@pagecounter=\count119

(/usr/local/texlive/2015/texmf-dist/tex/latex/hyperref/pd1enc.def
File: pd1enc.def 2012/11/06 v6.83m Hyperref: PDFDocEncoding definition (HO)
)
\Hy@SavedSpaceFactor=\count120

(/usr/local/texlive/2015/texmf-dist/tex/latex/latexconfig/hyperref.cfg
File: hyperref.cfg 2002/06/06 v1.2 hyperref configuration of TeXLive
)
Package hyperref Info: Option `bookmarks' set `true' on input line 4319.
Package hyperref Info: Option `bookmarksopen' set `true' on input line 4319.
Package hyperref Info: Option `implicit' set `false' on input line 4319.
Package hyperref Info: Hyper figures OFF on input line 4443.
Package hyperref Info: Link nesting OFF on input line 4448.
Package hyperref Info: Hyper index ON on input line 4451.
Package hyperref Info: Plain pages OFF on input line 4458.
Package hyperref Info: Backreferencing OFF on input line 4463.
Package hyperref Info: Implicit mode OFF; no redefinition of LaTeX internals.
Package hyperref Info: Bookmarks ON on input line 4688.
\c@Hy@tempcnt=\count121

(/usr/local/texlive/2015/texmf-dist/tex/latex/url/url.sty
\Urlmuskip=\muskip10
Package: url 2013/09/16  ver 3.4  Verb mode for urls, etc.
)
LaTeX Info: Redefining \url on input line 5041.
\XeTeXLinkMargin=\dimen165
\Fld@menulength=\count122
\Field@Width=\dimen166
\Fld@charsize=\dimen167
Package hyperref Info: Hyper figures OFF on input line 6295.
Package hyperref Info: Link nesting OFF on input line 6300.
Package hyperref Info: Hyper index ON on input line 6303.
Package hyperref Info: backreferencing OFF on input line 6310.
Package hyperref Info: Link coloring OFF on input line 6315.
Package hyperref Info: Link coloring with OCG OFF on input line 6320.
Package hyperref Info: PDF/A mode OFF on input line 6325.
LaTeX Info: Redefining \ref on input line 6365.
LaTeX Info: Redefining \pageref on input line 6369.
\Hy@abspage=\count123


Package hyperref Message: Stopped early.

)

Package hyperref Message: Driver (autodetected): hpdftex.

(/usr/local/texlive/2015/texmf-dist/tex/latex/hyperref/hpdftex.def
File: hpdftex.def 2012/11/06 v6.83m Hyperref driver for pdfTeX
\Fld@listcount=\count124
\c@bookmark@seq@number=\count125

(/usr/local/texlive/2015/texmf-dist/tex/latex/oberdiek/rerunfilecheck.sty
Package: rerunfilecheck 2011/04/15 v1.7 Rerun checks for auxiliary files (HO)
Package uniquecounter Info: New unique counter `rerunfilecheck' on input line 2
82.
))
(/usr/local/texlive/2015/texmf-dist/tex/latex/beamer/beamerbaserequires.sty
Package: beamerbaserequires 2010/05/01  (rcs-revision efa082c6111d)

(/usr/local/texlive/2015/texmf-dist/tex/latex/beamer/beamerbasecompatibility.st
y
Package: beamerbasecompatibility 2012/05/01  (rcs-revision 67c48b3b652d)
) (/usr/local/texlive/2015/texmf-dist/tex/latex/beamer/beamerbasefont.sty
Package: beamerbasefont 2015/01/05  (rcs-revision b4b4bee242e2)

(/usr/local/texlive/2015/texmf-dist/tex/latex/amsfonts/amssymb.sty
Package: amssymb 2013/01/14 v3.01 AMS font symbols

(/usr/local/texlive/2015/texmf-dist/tex/latex/amsfonts/amsfonts.sty
Package: amsfonts 2013/01/14 v3.01 Basic AMSFonts support
\@emptytoks=\toks26
\symAMSa=\mathgroup4
\symAMSb=\mathgroup5
LaTeX Font Info:    Overwriting math alphabet `\mathfrak' in version `bold'
(Font)                  U/euf/m/n --> U/euf/b/n on input line 106.
))
(/usr/local/texlive/2015/texmf-dist/tex/latex/sansmathaccent/sansmathaccent.sty
Package: sansmathaccent 2013/03/28
(/usr/local/texlive/2015/texmf-dist/tex/latex/filehook/filehook.sty
Package: filehook 2011/10/12 v0.5d Hooks for input files
)))
(/usr/local/texlive/2015/texmf-dist/tex/latex/beamer/beamerbasetranslator.sty
Package: beamerbasetranslator 2010/06/11  (rcs-revision 85fd1cc7fc42)

(/usr/local/texlive/2015/texmf-dist/tex/latex/beamer/translator/translator.sty
Package: translator 2010/06/12 ver 1.10

(/usr/local/texlive/2015/texmf-dist/tex/latex/beamer/translator/translator-lang
uage-mappings.tex)))
(/usr/local/texlive/2015/texmf-dist/tex/latex/beamer/beamerbasemisc.sty
Package: beamerbasemisc 2013/09/03  (rcs-revision a55719c41d85)
)
(/usr/local/texlive/2015/texmf-dist/tex/latex/beamer/beamerbasetwoscreens.sty
Package: beamerbasetwoscreens 2010/05/01  (rcs-revision efa082c6111d)
)
(/usr/local/texlive/2015/texmf-dist/tex/latex/beamer/beamerbaseoverlay.sty
Package: beamerbaseoverlay 2013/12/25  (rcs-revision f6bd5e3805da)
\beamer@argscount=\count126
\beamer@lastskipcover=\skip44
\beamer@trivlistdepth=\count127
)
(/usr/local/texlive/2015/texmf-dist/tex/latex/beamer/beamerbasetitle.sty
Package: beamerbasetitle 2010/09/21  (rcs-revision f0446ed0b6ae)
)
(/usr/local/texlive/2015/texmf-dist/tex/latex/beamer/beamerbasesection.sty
Package: beamerbasesection 2013/06/07  (rcs-revision 60b9fe0f342f)
\c@lecture=\count128
\c@part=\count129
\c@section=\count130
\c@subsection=\count131
\c@subsubsection=\count132
)
(/usr/local/texlive/2015/texmf-dist/tex/latex/beamer/beamerbaseframe.sty
Package: beamerbaseframe 2014/02/20  (rcs-revision 4b8ceeeff434)
\beamer@framebox=\box40
\beamer@frametitlebox=\box41
\beamer@zoombox=\box42
\beamer@zoomcount=\count133
\beamer@zoomframecount=\count134
\beamer@frametextheight=\dimen168
\c@subsectionslide=\count135
\beamer@frametopskip=\skip45
\beamer@framebottomskip=\skip46
\beamer@frametopskipautobreak=\skip47
\beamer@framebottomskipautobreak=\skip48
\beamer@envbody=\toks27
\framewidth=\dimen169
\c@framenumber=\count136
)
(/usr/local/texlive/2015/texmf-dist/tex/latex/beamer/beamerbaseverbatim.sty
Package: beamerbaseverbatim 2015/01/05  (rcs-revision 431510bb5890)
\beamer@verbatimfileout=\write4
)
(/usr/local/texlive/2015/texmf-dist/tex/latex/beamer/beamerbaseframesize.sty
Package: beamerbaseframesize 2011/09/12  (rcs-revision 70f9d8411e54)
\beamer@splitbox=\box43
\beamer@autobreakcount=\count137
\beamer@autobreaklastheight=\dimen170
\beamer@frametitletoks=\toks28
\beamer@framesubtitletoks=\toks29
)
(/usr/local/texlive/2015/texmf-dist/tex/latex/beamer/beamerbaseframecomponents.
sty
Package: beamerbaseframecomponents 2013/10/18  (rcs-revision 5cf6c5555a45)
\beamer@footins=\box44
) (/usr/local/texlive/2015/texmf-dist/tex/latex/beamer/beamerbasecolor.sty
Package: beamerbasecolor 2015/02/21  (rcs-revision d944b04ee2d5)
)
(/usr/local/texlive/2015/texmf-dist/tex/latex/beamer/beamerbasenotes.sty
Package: beamerbasenotes 2012/12/19  (rcs-revision 1686da3db3c9)
\beamer@frameboxcopy=\box45
)
(/usr/local/texlive/2015/texmf-dist/tex/latex/beamer/beamerbasetoc.sty
Package: beamerbasetoc 2015/03/08  (rcs-revision 7270298bbaae)
)
(/usr/local/texlive/2015/texmf-dist/tex/latex/beamer/beamerbasetemplates.sty
Package: beamerbasetemplates 2010/05/01  (rcs-revision efa082c6111d)
\beamer@sbttoks=\toks30

(/usr/local/texlive/2015/texmf-dist/tex/latex/beamer/beamerbaseauxtemplates.sty
Package: beamerbaseauxtemplates 2014/06/30  (rcs-revision 580088513a67)
(/usr/local/texlive/2015/texmf-dist/tex/latex/beamer/beamerbaseboxes.sty
Package: beamerbaseboxes 2012/05/13  (rcs-revision 56972908a390)
\bmb@box=\box46
\bmb@colorbox=\box47
\bmb@boxshadow=\box48
\bmb@boxshadowball=\box49
\bmb@boxshadowballlarge=\box50
\bmb@temp=\dimen171
\bmb@dima=\dimen172
\bmb@dimb=\dimen173
\bmb@prevheight=\dimen174
)
\beamer@blockheadheight=\dimen175
))
(/usr/local/texlive/2015/texmf-dist/tex/latex/beamer/beamerbaselocalstructure.s
ty
Package: beamerbaselocalstructure 2014/09/10  (rcs-revision 393f6dcff371)
 (/usr/local/texlive/2015/texmf-dist/tex/latex/tools/enumerate.sty
Package: enumerate 2014/10/28 v3.00 enumerate extensions (DPC)
\@enLab=\toks31
)
\c@figure=\count138
\c@table=\count139
\abovecaptionskip=\skip49
\belowcaptionskip=\skip50
)
(/usr/local/texlive/2015/texmf-dist/tex/latex/beamer/beamerbasenavigation.sty
Package: beamerbasenavigation 2015/02/27  (rcs-revision 923f4bf87efa)
\beamer@section@min@dim=\dimen176
)
(/usr/local/texlive/2015/texmf-dist/tex/latex/beamer/beamerbasetheorems.sty
Package: beamerbasetheorems 2010/06/06  (rcs-revision 7e7cc5e53e9d)

(/usr/local/texlive/2015/texmf-dist/tex/latex/amsmath/amsmath.sty
Package: amsmath 2013/01/14 v2.14 AMS math features
\@mathmargin=\skip51

For additional information on amsmath, use the `?' option.
(/usr/local/texlive/2015/texmf-dist/tex/latex/amsmath/amstext.sty
Package: amstext 2000/06/29 v2.01

(/usr/local/texlive/2015/texmf-dist/tex/latex/amsmath/amsgen.sty
File: amsgen.sty 1999/11/30 v2.0
\@emptytoks=\toks32
\ex@=\dimen177
))
(/usr/local/texlive/2015/texmf-dist/tex/latex/amsmath/amsbsy.sty
Package: amsbsy 1999/11/29 v1.2d
\pmbraise@=\dimen178
)
(/usr/local/texlive/2015/texmf-dist/tex/latex/amsmath/amsopn.sty
Package: amsopn 1999/12/14 v2.01 operator names
)
\inf@bad=\count140
LaTeX Info: Redefining \frac on input line 210.
\uproot@=\count141
\leftroot@=\count142
LaTeX Info: Redefining \overline on input line 306.
\classnum@=\count143
\DOTSCASE@=\count144
LaTeX Info: Redefining \ldots on input line 378.
LaTeX Info: Redefining \dots on input line 381.
LaTeX Info: Redefining \cdots on input line 466.
\Mathstrutbox@=\box51
\strutbox@=\box52
\big@size=\dimen179
LaTeX Font Info:    Redeclaring font encoding OML on input line 566.
LaTeX Font Info:    Redeclaring font encoding OMS on input line 567.
\macc@depth=\count145
\c@MaxMatrixCols=\count146
\dotsspace@=\muskip11
\c@parentequation=\count147
\dspbrk@lvl=\count148
\tag@help=\toks33
\row@=\count149
\column@=\count150
\maxfields@=\count151
\andhelp@=\toks34
\eqnshift@=\dimen180
\alignsep@=\dimen181
\tagshift@=\dimen182
\tagwidth@=\dimen183
\totwidth@=\dimen184
\lineht@=\dimen185
\@envbody=\toks35
\multlinegap=\skip52
\multlinetaggap=\skip53
\mathdisplay@stack=\toks36
LaTeX Info: Redefining \[ on input line 2665.
LaTeX Info: Redefining \] on input line 2666.
)
(/usr/local/texlive/2015/texmf-dist/tex/latex/amscls/amsthm.sty
Package: amsthm 2015/03/04 v2.20.2
\thm@style=\toks37
\thm@bodyfont=\toks38
\thm@headfont=\toks39
\thm@notefont=\toks40
\thm@headpunct=\toks41
\thm@preskip=\skip54
\thm@postskip=\skip55
\thm@headsep=\skip56
\dth@everypar=\toks42
)
\c@theorem=\count152
)
(/usr/local/texlive/2015/texmf-dist/tex/latex/beamer/beamerbasethemes.sty
Package: beamerbasethemes 2010/05/01  (rcs-revision efa082c6111d)
))
(/usr/local/texlive/2015/texmf-dist/tex/latex/beamer/themes/theme/beamerthemede
fault.sty
Package: beamerthemedefault 2010/06/17  (rcs-revision d02a7cf4d8ae)

(/usr/local/texlive/2015/texmf-dist/tex/latex/beamer/themes/font/beamerfontthem
edefault.sty
Package: beamerfontthemedefault 2012/12/19  (rcs-revision 1686da3db3c9)
)
(/usr/local/texlive/2015/texmf-dist/tex/latex/beamer/themes/color/beamercolorth
emedefault.sty
Package: beamercolorthemedefault 2012/12/19  (rcs-revision 1686da3db3c9)
)
(/usr/local/texlive/2015/texmf-dist/tex/latex/beamer/themes/inner/beamerinnerth
emedefault.sty
Package: beamerinnerthemedefault 2014/06/30  (rcs-revision 580088513a67)
\beamer@dima=\dimen186
\beamer@dimb=\dimen187
)
(/usr/local/texlive/2015/texmf-dist/tex/latex/beamer/themes/outer/beamerouterth
emedefault.sty
Package: beamerouterthemedefault 2012/12/19  (rcs-revision 1686da3db3c9)
)))
(/usr/local/texlive/2015/texmf-dist/tex/latex/beamer/themes/theme/beamerthemeFr
ankfurt.sty
Package: beamerthemeFrankfurt 2010/06/17  (rcs-revision d02a7cf4d8ae)

(/usr/local/texlive/2015/texmf-dist/tex/latex/beamer/themes/outer/beamerouterth
emesmoothbars.sty
Package: beamerouterthemesmoothbars 2010/06/17  (rcs-revision d02a7cf4d8ae)
)
(/usr/local/texlive/2015/texmf-dist/tex/latex/beamer/themes/inner/beamerinnerth
emerounded.sty
Package: beamerinnerthemerounded 2010/06/17  (rcs-revision d02a7cf4d8ae)
)
(/usr/local/texlive/2015/texmf-dist/tex/latex/beamer/themes/color/beamercolorth
emeorchid.sty
Package: beamercolorthemeorchid 2010/06/17  (rcs-revision d02a7cf4d8ae)
)
(/usr/local/texlive/2015/texmf-dist/tex/latex/beamer/themes/color/beamercolorth
emewhale.sty
Package: beamercolorthemewhale 2010/06/17  (rcs-revision d02a7cf4d8ae)
))
(/usr/local/texlive/2015/texmf-dist/tex/latex/beamer/themes/color/beamercolorth
emedove.sty
Package: beamercolorthemedove 2012/02/23  (rcs-revision 406bcaf3a3c7)
) (./Precept2_RVs_alt.aux)
\openout1 = `Precept2_RVs_alt.aux'.

LaTeX Font Info:    Checking defaults for OML/cmm/m/it on input line 20.
LaTeX Font Info:    ... okay on input line 20.
LaTeX Font Info:    Checking defaults for T1/cmr/m/n on input line 20.
LaTeX Font Info:    ... okay on input line 20.
LaTeX Font Info:    Checking defaults for OT1/cmr/m/n on input line 20.
LaTeX Font Info:    ... okay on input line 20.
LaTeX Font Info:    Checking defaults for OMS/cmsy/m/n on input line 20.
LaTeX Font Info:    ... okay on input line 20.
LaTeX Font Info:    Checking defaults for OMX/cmex/m/n on input line 20.
LaTeX Font Info:    ... okay on input line 20.
LaTeX Font Info:    Checking defaults for U/cmr/m/n on input line 20.
LaTeX Font Info:    ... okay on input line 20.
LaTeX Font Info:    Checking defaults for PD1/pdf/m/n on input line 20.
LaTeX Font Info:    ... okay on input line 20.

*geometry* driver: auto-detecting
*geometry* detected driver: pdftex
*geometry* verbose mode - [ preamble ] result:
* driver: pdftex
* paper: custom
* layout: <same size as paper>
* layoutoffset:(h,v)=(0.0pt,0.0pt)
* modes: includehead includefoot 
* h-part:(L,W,R)=(28.45274pt, 307.28987pt, 28.45274pt)
* v-part:(T,H,B)=(0.0pt, 273.14662pt, 0.0pt)
* \paperwidth=364.19536pt
* \paperheight=273.14662pt
* \textwidth=307.28987pt
* \textheight=244.6939pt
* \oddsidemargin=-43.81725pt
* \evensidemargin=-43.81725pt
* \topmargin=-72.26999pt
* \headheight=14.22636pt
* \headsep=0.0pt
* \topskip=11.0pt
* \footskip=14.22636pt
* \marginparwidth=4.0pt
* \marginparsep=10.0pt
* \columnsep=10.0pt
* \skip\footins=10.0pt plus 4.0pt minus 2.0pt
* \hoffset=0.0pt
* \voffset=0.0pt
* \mag=1000
* \@twocolumnfalse
* \@twosidefalse
* \@mparswitchfalse
* \@reversemarginfalse
* (1in=72.27pt=25.4mm, 1cm=28.453pt)

(/usr/local/texlive/2015/texmf-dist/tex/context/base/supp-pdf.mkii
[Loading MPS to PDF converter (version 2006.09.02).]
\scratchcounter=\count153
\scratchdimen=\dimen188
\scratchbox=\box53
\nofMPsegments=\count154
\nofMParguments=\count155
\everyMPshowfont=\toks43
\MPscratchCnt=\count156
\MPscratchDim=\dimen189
\MPnumerator=\count157
\makeMPintoPDFobject=\count158
\everyMPtoPDFconversion=\toks44
) (/usr/local/texlive/2015/texmf-dist/tex/latex/oberdiek/epstopdf-base.sty
Package: epstopdf-base 2010/02/09 v2.5 Base part for package epstopdf

(/usr/local/texlive/2015/texmf-dist/tex/latex/oberdiek/grfext.sty
Package: grfext 2010/08/19 v1.1 Manage graphics extensions (HO)
)
Package grfext Info: Graphics extension search list:
(grfext)             [.png,.pdf,.jpg,.mps,.jpeg,.jbig2,.jb2,.PNG,.PDF,.JPG,.JPE
G,.JBIG2,.JB2,.eps]
(grfext)             \AppendGraphicsExtensions on input line 452.

(/usr/local/texlive/2015/texmf-dist/tex/latex/latexconfig/epstopdf-sys.cfg
File: epstopdf-sys.cfg 2010/07/13 v1.3 Configuration of (r)epstopdf for TeX Liv
e
))
ABD: EveryShipout initializing macros
\AtBeginShipoutBox=\box54
Package hyperref Info: Link coloring OFF on input line 20.

(/usr/local/texlive/2015/texmf-dist/tex/latex/hyperref/nameref.sty
Package: nameref 2012/10/27 v2.43 Cross-referencing by name of section

(/usr/local/texlive/2015/texmf-dist/tex/generic/oberdiek/gettitlestring.sty
Package: gettitlestring 2010/12/03 v1.4 Cleanup title references (HO)
)
\c@section@level=\count159
)
LaTeX Info: Redefining \ref on input line 20.
LaTeX Info: Redefining \pageref on input line 20.
LaTeX Info: Redefining \nameref on input line 20.

(./Precept2_RVs_alt.out) (./Precept2_RVs_alt.out)
\@outlinefile=\write5
\openout5 = `Precept2_RVs_alt.out'.

LaTeX Font Info:    Overwriting symbol font `operators' in version `normal'
(Font)                  OT1/cmr/m/n --> OT1/cmss/m/n on input line 20.
LaTeX Font Info:    Overwriting symbol font `operators' in version `bold'
(Font)                  OT1/cmr/bx/n --> OT1/cmss/bx/n on input line 20.
\symnumbers=\mathgroup6
\sympureletters=\mathgroup7
LaTeX Font Info:    Overwriting math alphabet `\mathrm' in version `normal'
(Font)                  OT1/cmss/m/n --> OT1/cmr/m/n on input line 20.
LaTeX Font Info:    Redeclaring math alphabet \mathbf on input line 20.
LaTeX Font Info:    Overwriting math alphabet `\mathbf' in version `normal'
(Font)                  OT1/cmr/bx/n --> OT1/cmss/bx/n on input line 20.
LaTeX Font Info:    Overwriting math alphabet `\mathbf' in version `bold'
(Font)                  OT1/cmr/bx/n --> OT1/cmss/bx/n on input line 20.
LaTeX Font Info:    Redeclaring math alphabet \mathsf on input line 20.
LaTeX Font Info:    Overwriting math alphabet `\mathsf' in version `normal'
(Font)                  OT1/cmss/m/n --> OT1/cmss/m/n on input line 20.
LaTeX Font Info:    Overwriting math alphabet `\mathsf' in version `bold'
(Font)                  OT1/cmss/bx/n --> OT1/cmss/m/n on input line 20.
LaTeX Font Info:    Redeclaring math alphabet \mathit on input line 20.
LaTeX Font Info:    Overwriting math alphabet `\mathit' in version `normal'
(Font)                  OT1/cmr/m/it --> OT1/cmss/m/it on input line 20.
LaTeX Font Info:    Overwriting math alphabet `\mathit' in version `bold'
(Font)                  OT1/cmr/bx/it --> OT1/cmss/m/it on input line 20.
LaTeX Font Info:    Redeclaring math alphabet \mathtt on input line 20.
LaTeX Font Info:    Overwriting math alphabet `\mathtt' in version `normal'
(Font)                  OT1/cmtt/m/n --> OT1/cmtt/m/n on input line 20.
LaTeX Font Info:    Overwriting math alphabet `\mathtt' in version `bold'
(Font)                  OT1/cmtt/m/n --> OT1/cmtt/m/n on input line 20.
LaTeX Font Info:    Overwriting symbol font `numbers' in version `bold'
(Font)                  OT1/cmss/m/n --> OT1/cmss/bx/n on input line 20.
LaTeX Font Info:    Overwriting symbol font `pureletters' in version `bold'
(Font)                  OT1/cmss/m/it --> OT1/cmss/bx/it on input line 20.
LaTeX Font Info:    Overwriting math alphabet `\mathrm' in version `bold'
(Font)                  OT1/cmss/bx/n --> OT1/cmr/bx/n on input line 20.
LaTeX Font Info:    Overwriting math alphabet `\mathbf' in version `bold'
(Font)                  OT1/cmss/bx/n --> OT1/cmss/bx/n on input line 20.
LaTeX Font Info:    Overwriting math alphabet `\mathsf' in version `bold'
(Font)                  OT1/cmss/m/n --> OT1/cmss/bx/n on input line 20.
LaTeX Font Info:    Overwriting math alphabet `\mathit' in version `bold'
(Font)                  OT1/cmss/m/it --> OT1/cmss/bx/it on input line 20.
LaTeX Font Info:    Overwriting math alphabet `\mathtt' in version `bold'
(Font)                  OT1/cmtt/m/n --> OT1/cmtt/bx/n on input line 20.
LaTeX Font Info:    Redeclaring symbol font `pureletters' on input line 20.
LaTeX Font Info:    Overwriting symbol font `pureletters' in version `normal'
(Font)                  OT1/cmss/m/it --> OT1/mathkerncmss/m/sl on input line 2
0.
LaTeX Font Info:    Overwriting symbol font `pureletters' in version `bold'
(Font)                  OT1/cmss/bx/it --> OT1/mathkerncmss/m/sl on input line 
20.
LaTeX Font Info:    Overwriting symbol font `pureletters' in version `bold'
(Font)                  OT1/mathkerncmss/m/sl --> OT1/mathkerncmss/bx/sl on inp
ut line 20.

(/usr/local/texlive/2015/texmf-dist/tex/latex/beamer/translator/dicts/translato
r-basic-dictionary/translator-basic-dictionary-English.dict
Dictionary: translator-basic-dictionary, Language: English 
)
(/usr/local/texlive/2015/texmf-dist/tex/latex/beamer/translator/dicts/translato
r-bibliography-dictionary/translator-bibliography-dictionary-English.dict
Dictionary: translator-bibliography-dictionary, Language: English 
)
(/usr/local/texlive/2015/texmf-dist/tex/latex/beamer/translator/dicts/translato
r-environment-dictionary/translator-environment-dictionary-English.dict
Dictionary: translator-environment-dictionary, Language: English 
)
(/usr/local/texlive/2015/texmf-dist/tex/latex/beamer/translator/dicts/translato
r-months-dictionary/translator-months-dictionary-English.dict
Dictionary: translator-months-dictionary, Language: English 
)
(/usr/local/texlive/2015/texmf-dist/tex/latex/beamer/translator/dicts/translato
r-numbers-dictionary/translator-numbers-dictionary-English.dict
Dictionary: translator-numbers-dictionary, Language: English 
)
(/usr/local/texlive/2015/texmf-dist/tex/latex/beamer/translator/dicts/translato
r-theorem-dictionary/translator-theorem-dictionary-English.dict
Dictionary: translator-theorem-dictionary, Language: English 
)
LaTeX Info: Redefining \includegraphics on input line 20.

(./Precept2_RVs_alt.nav)

LaTeX Font Warning: Font shape `OT1/cmss/m/n' in size <4> not available
(Font)              size <5> substituted on input line 23.

[1{/usr/local/texlive/2015/texmf-var/fonts/map/pdftex/updmap/pdftex.map}

]
[2

] [3

]
LaTeX Font Info:    Try loading font information for U+msa on input line 61.
 (/usr/local/texlive/2015/texmf-dist/tex/latex/amsfonts/umsa.fd
File: umsa.fd 2013/01/14 v3.01 AMS symbols A
)
LaTeX Font Info:    Try loading font information for U+msb on input line 61.

(/usr/local/texlive/2015/texmf-dist/tex/latex/amsfonts/umsb.fd
File: umsb.fd 2013/01/14 v3.01 AMS symbols B
)
LaTeX Font Info:    Try loading font information for OT1+mathkerncmss on input 
line 61.

(/usr/local/texlive/2015/texmf-dist/tex/latex/sansmathaccent/ot1mathkerncmss.fd
File: ot1mathkerncmss.fd 2013/03/27 Fontinst v1.933 font definitions for OT1/ma
thkerncmss.
) [4

] [5

] [6

] [7

] [8

] [9

] [10

] [11

] <DiePMF.pdf, id=477, 289.08pt x 289.08pt>
File: DiePMF.pdf Graphic file (type pdf)

<use DiePMF.pdf>
Package pdftex.def Info: DiePMF.pdf used on input line 126.
(pdftex.def)             Requested size: 115.62994pt x 115.62994pt.
 [12

 <./DiePMF.pdf>]
File: DiePMF.pdf Graphic file (type pdf)
 <use DiePMF.pdf>
Package pdftex.def Info: DiePMF.pdf used on input line 126.
(pdftex.def)             Requested size: 115.62994pt x 115.62994pt.
 [13

]
\openout4 = `Precept2_RVs_alt.vrb'.


(./Precept2_RVs_alt.vrb
Overfull \hbox (26.13402pt too wide) in paragraph at lines 16--16
[]  \OT1/cmtt/m/n/10.95 scale_x_continuous(name="\nNumber on die", breaks=1:6) 
+[] 
 []

) [14

] <DieCDF.pdf, id=591, 289.08pt x 289.08pt>
File: DieCDF.pdf Graphic file (type pdf)
 <use DieCDF.pdf>
Package pdftex.def Info: DieCDF.pdf used on input line 154.
(pdftex.def)             Requested size: 115.62994pt x 115.62994pt.
 [15

 <./DieCDF.pdf>]
\openout4 = `Precept2_RVs_alt.vrb'.

 (./Precept2_RVs_alt.vrb
Overfull \hbox (26.13402pt too wide) in paragraph at lines 17--17
[]  \OT1/cmtt/m/n/10.95 geom_segment(aes(x = x, xend = xend, y = y, yend = y)) 
+[] 
 []


Overfull \hbox (20.38533pt too wide) in paragraph at lines 17--17
[]  \OT1/cmtt/m/n/10.95 geom_point(aes(x = xend, y = y), shape = 1, size = 4) +
[] 
 []

) [16

] <Bullseye_Poll.png, id=667, 583.17876pt x 89.33376pt>
File: Bullseye_Poll.png Graphic file (type png)

<use Bullseye_Poll.png>
Package pdftex.def Info: Bullseye_Poll.png used on input line 182.
(pdftex.def)             Requested size: 233.26736pt x 35.73286pt.
 <CDF1.pdf, id=669, 433.62pt x 289.08pt>
File: CDF1.pdf Graphic file (type pdf)
 <use CDF1.pdf>
Package pdftex.def Info: CDF1.pdf used on input line 182.
(pdftex.def)             Requested size: 138.76123pt x 92.50748pt.

<CDF2.pdf, id=670, 433.62pt x 289.08pt>
File: CDF2.pdf Graphic file (type pdf)
 <use CDF2.pdf>
Package pdftex.def Info: CDF2.pdf used on input line 182.
(pdftex.def)             Requested size: 138.76123pt x 92.50748pt.

<CDF3.pdf, id=671, 433.62pt x 289.08pt>
File: CDF3.pdf Graphic file (type pdf)
 <use CDF3.pdf>
Package pdftex.def Info: CDF3.pdf used on input line 182.
(pdftex.def)             Requested size: 138.76123pt x 92.50748pt.

<CDF4.pdf, id=672, 433.62pt x 289.08pt>
File: CDF4.pdf Graphic file (type pdf)
 <use CDF4.pdf>
Package pdftex.def Info: CDF4.pdf used on input line 182.
(pdftex.def)             Requested size: 138.76123pt x 92.50748pt.

Overfull \vbox (8.67194pt too high) detected at line 182
 []

[17

 <./Bullseye_Poll.png> <./CDF1.pdf> <./CDF2.pdf> <./CDF3.pdf> <./CDF4.pdf>]
[18

] [19

] <Unif1a.pdf, id=800, 433.62pt x 216.81pt>
File: Unif1a.pdf Graphic file (type pdf)
 <use Unif1a.pdf>
Package pdftex.def Info: Unif1a.pdf used on input line 206.
(pdftex.def)             Requested size: 216.80946pt x 108.40472pt.

<Unif1b.pdf, id=801, 433.62pt x 216.81pt>
File: Unif1b.pdf Graphic file (type pdf)
 <use Unif1b.pdf>
Package pdftex.def Info: Unif1b.pdf used on input line 206.
(pdftex.def)             Requested size: 216.80946pt x 108.40472pt.
 [20

 <./Unif1a.pdf> <./Unif1b.pdf>] <Unif2a.pdf, id=848, 433.62pt x 216.81pt>
File: Unif2a.pdf Graphic file (type pdf)
 <use Unif2a.pdf>
Package pdftex.def Info: Unif2a.pdf used on input line 212.
(pdftex.def)             Requested size: 216.80946pt x 108.40472pt.

<Unif2b.pdf, id=849, 433.62pt x 216.81pt>
File: Unif2b.pdf Graphic file (type pdf)
 <use Unif2b.pdf>
Package pdftex.def Info: Unif2b.pdf used on input line 212.
(pdftex.def)             Requested size: 216.80946pt x 108.40472pt.
 [21

 <./Unif2a.pdf> <./Unif2b.pdf>] <Unif3a.pdf, id=898, 433.62pt x 216.81pt>
File: Unif3a.pdf Graphic file (type pdf)
 <use Unif3a.pdf>
Package pdftex.def Info: Unif3a.pdf used on input line 218.
(pdftex.def)             Requested size: 216.80946pt x 108.40472pt.

<Unif3b.pdf, id=899, 433.62pt x 216.81pt>
File: Unif3b.pdf Graphic file (type pdf)
 <use Unif3b.pdf>
Package pdftex.def Info: Unif3b.pdf used on input line 218.
(pdftex.def)             Requested size: 216.80946pt x 108.40472pt.
 [22

 <./Unif3a.pdf> <./Unif3b.pdf>] <Unif4a.pdf, id=949, 433.62pt x 216.81pt>
File: Unif4a.pdf Graphic file (type pdf)
 <use Unif4a.pdf>
Package pdftex.def Info: Unif4a.pdf used on input line 224.
(pdftex.def)             Requested size: 216.80946pt x 108.40472pt.

<Unif4b.pdf, id=950, 433.62pt x 216.81pt>
File: Unif4b.pdf Graphic file (type pdf)
 <use Unif4b.pdf>
Package pdftex.def Info: Unif4b.pdf used on input line 224.
(pdftex.def)             Requested size: 216.80946pt x 108.40472pt.
 [23

 <./Unif4a.pdf> <./Unif4b.pdf>] <Unif5a.pdf, id=999, 289.08pt x 216.81pt>
File: Unif5a.pdf Graphic file (type pdf)
 <use Unif5a.pdf>
Package pdftex.def Info: Unif5a.pdf used on input line 236.
(pdftex.def)             Requested size: 144.53964pt x 108.40472pt.

<Unif5b.pdf, id=1000, 289.08pt x 216.81pt>
File: Unif5b.pdf Graphic file (type pdf)
 <use Unif5b.pdf>
Package pdftex.def Info: Unif5b.pdf used on input line 236.
(pdftex.def)             Requested size: 144.53964pt x 108.40472pt.
 [24

 <./Unif5a.pdf> <./Unif5b.pdf>]
File: Unif5a.pdf Graphic file (type pdf)
 <use Unif5a.pdf>
Package pdftex.def Info: Unif5a.pdf used on input line 236.
(pdftex.def)             Requested size: 144.53964pt x 108.40472pt.
File: Unif5b.pdf Graphic file (type pdf)
 <use Unif5b.pdf>
Package pdftex.def Info: Unif5b.pdf used on input line 236.
(pdftex.def)             Requested size: 144.53964pt x 108.40472pt.
 [25

]
File: Unif5a.pdf Graphic file (type pdf)
 <use Unif5a.pdf>
Package pdftex.def Info: Unif5a.pdf used on input line 236.
(pdftex.def)             Requested size: 144.53964pt x 108.40472pt.
File: Unif5b.pdf Graphic file (type pdf)

<use Unif5b.pdf>
Package pdftex.def Info: Unif5b.pdf used on input line 236.
(pdftex.def)             Requested size: 144.53964pt x 108.40472pt.
 [26

]
File: Unif5a.pdf Graphic file (type pdf)
 <use Unif5a.pdf>
Package pdftex.def Info: Unif5a.pdf used on input line 236.
(pdftex.def)             Requested size: 144.53964pt x 108.40472pt.
File: Unif5b.pdf Graphic file (type pdf)
 <use Unif5b.pdf>
Package pdftex.def Info: Unif5b.pdf used on input line 236.
(pdftex.def)             Requested size: 144.53964pt x 108.40472pt.
 [27

] [28

]
<Normal0.pdf, id=1188, 433.62pt x 216.81pt>
File: Normal0.pdf Graphic file (type pdf)
 <use Normal0.pdf>
Package pdftex.def Info: Normal0.pdf used on input line 252.
(pdftex.def)             Requested size: 216.80946pt x 108.40472pt.
File: Bullseye_Poll.png Graphic file (type png)

<use Bullseye_Poll.png>
Package pdftex.def Info: Bullseye_Poll.png used on input line 252.
(pdftex.def)             Requested size: 233.26736pt x 35.73286pt.
 [29

 <./Normal0.pdf>]
<Normal1.pdf, id=1228, 433.62pt x 216.81pt>
File: Normal1.pdf Graphic file (type pdf)
 <use Normal1.pdf>
Package pdftex.def Info: Normal1.pdf used on input line 264.
(pdftex.def)             Requested size: 260.17401pt x 130.08699pt.
 [30

 <./Normal1.pdf>]
File: Normal1.pdf Graphic file (type pdf)
 <use Normal1.pdf>
Package pdftex.def Info: Normal1.pdf used on input line 264.
(pdftex.def)             Requested size: 260.17401pt x 130.08699pt.
 [31

]
File: Normal1.pdf Graphic file (type pdf)
 <use Normal1.pdf>
Package pdftex.def Info: Normal1.pdf used on input line 264.
(pdftex.def)             Requested size: 260.17401pt x 130.08699pt.
 [32

]
File: Normal1.pdf Graphic file (type pdf)
 <use Normal1.pdf>
Package pdftex.def Info: Normal1.pdf used on input line 264.
(pdftex.def)             Requested size: 260.17401pt x 130.08699pt.
 [33

]
<Normal2.pdf, id=1377, 433.62pt x 216.81pt>
File: Normal2.pdf Graphic file (type pdf)
 <use Normal2.pdf>
Package pdftex.def Info: Normal2.pdf used on input line 270.
(pdftex.def)             Requested size: 260.17401pt x 130.08699pt.
 [34

 <./Normal2.pdf>]
File: Normal2.pdf Graphic file (type pdf)
 <use Normal2.pdf>
Package pdftex.def Info: Normal2.pdf used on input line 270.
(pdftex.def)             Requested size: 260.17401pt x 130.08699pt.
 [35

] <Normal3.pdf, id=1454, 433.62pt x 216.81pt>
File: Normal3.pdf Graphic file (type pdf)

<use Normal3.pdf>
Package pdftex.def Info: Normal3.pdf used on input line 276.
(pdftex.def)             Requested size: 260.17401pt x 130.08699pt.
 [36

 <./Normal3.pdf>]
File: Normal3.pdf Graphic file (type pdf)
 <use Normal3.pdf>
Package pdftex.def Info: Normal3.pdf used on input line 276.
(pdftex.def)             Requested size: 260.17401pt x 130.08699pt.
 [37

]
<Normal4.pdf, id=1533, 433.62pt x 216.81pt>
File: Normal4.pdf Graphic file (type pdf)
 <use Normal4.pdf>
Package pdftex.def Info: Normal4.pdf used on input line 284.
(pdftex.def)             Requested size: 260.17401pt x 130.08699pt.
 [38

 <./Normal4.pdf>]
File: Normal4.pdf Graphic file (type pdf)
 <use Normal4.pdf>
Package pdftex.def Info: Normal4.pdf used on input line 284.
(pdftex.def)             Requested size: 260.17401pt x 130.08699pt.
 [39

] [40

] [41

] <UofU.pdf, id=1677, 361.35pt x 289.08pt>
File: UofU.pdf Graphic file (type pdf)

<use UofU.pdf>
Package pdftex.def Info: UofU.pdf used on input line 310.
(pdftex.def)             Requested size: 198.74312pt x 158.99448pt.

Overfull \vbox (6.35277pt too high) detected at line 310
 []

[42

 <./UofU.pdf>]
\openout4 = `Precept2_RVs_alt.vrb'.

 (./Precept2_RVs_alt.vrb) [43

]
<rnorm_plot.pdf, id=1756, 289.08pt x 289.08pt>
File: rnorm_plot.pdf Graphic file (type pdf)
 <use rnorm_plot.pdf>
Package pdftex.def Info: rnorm_plot.pdf used on input line 333.
(pdftex.def)             Requested size: 144.53964pt x 144.53964pt.

<draw_rnorm.pdf, id=1757, 289.08pt x 289.08pt>
File: draw_rnorm.pdf Graphic file (type pdf)
 <use draw_rnorm.pdf>
Package pdftex.def Info: draw_rnorm.pdf used on input line 333.
(pdftex.def)             Requested size: 144.53964pt x 144.53964pt.
 [44

 <./rnorm_plot.pdf> <./draw_rnorm.pdf>] [45

]
Overfull \hbox (16.5214pt too wide) detected at line 353
\OT1/mathkerncmss/m/sl/10.95 P\OT1/cmss/m/n/10.95 (\OT1/mathkerncmss/m/sl/10.95
 N \OT1/cmss/m/n/10.95 = 1) = \OT1/mathkerncmss/m/sl/10.95 P\OT1/cmss/m/n/10.95
 ([]) = [][][][][][][][][][](0\OML/cmm/m/it/10.95 :\OT1/cmss/m/n/10.95 5)0\OML/
cmm/m/it/10.95 :\OT1/cmss/m/n/10.95 5
 []


Overfull \hbox (16.13104pt too wide) detected at line 353
\OT1/mathkerncmss/m/sl/10.95 P\OT1/cmss/m/n/10.95 (\OT1/mathkerncmss/m/sl/10.95
 N \OT1/cmss/m/n/10.95 = 2) = \OT1/mathkerncmss/m/sl/10.95 P\OT1/cmss/m/n/10.95
 ([]) = [][][][][][][][][][](0\OML/cmm/m/it/10.95 :\OT1/cmss/m/n/10.95 5[])0\OM
L/cmm/m/it/10.95 :\OT1/cmss/m/n/10.95 5
 []

[46

]
Overfull \hbox (16.5214pt too wide) detected at line 353
\OT1/mathkerncmss/m/sl/10.95 P\OT1/cmss/m/n/10.95 (\OT1/mathkerncmss/m/sl/10.95
 N \OT1/cmss/m/n/10.95 = 1) = \OT1/mathkerncmss/m/sl/10.95 P\OT1/cmss/m/n/10.95
 ([]) = [][][][][][][][][][](0\OML/cmm/m/it/10.95 :\OT1/cmss/m/n/10.95 5)0\OML/
cmm/m/it/10.95 :\OT1/cmss/m/n/10.95 5
 []


Overfull \hbox (16.13104pt too wide) detected at line 353
\OT1/mathkerncmss/m/sl/10.95 P\OT1/cmss/m/n/10.95 (\OT1/mathkerncmss/m/sl/10.95
 N \OT1/cmss/m/n/10.95 = 2) = \OT1/mathkerncmss/m/sl/10.95 P\OT1/cmss/m/n/10.95
 ([]) = [][][][][][][][][][](0\OML/cmm/m/it/10.95 :\OT1/cmss/m/n/10.95 5[])0\OM
L/cmm/m/it/10.95 :\OT1/cmss/m/n/10.95 5
 []

[47

]
Overfull \hbox (16.5214pt too wide) detected at line 353
\OT1/mathkerncmss/m/sl/10.95 P\OT1/cmss/m/n/10.95 (\OT1/mathkerncmss/m/sl/10.95
 N \OT1/cmss/m/n/10.95 = 1) = \OT1/mathkerncmss/m/sl/10.95 P\OT1/cmss/m/n/10.95
 ([]) = [][][][][][][][][][](0\OML/cmm/m/it/10.95 :\OT1/cmss/m/n/10.95 5)0\OML/
cmm/m/it/10.95 :\OT1/cmss/m/n/10.95 5
 []


Overfull \hbox (16.13104pt too wide) detected at line 353
\OT1/mathkerncmss/m/sl/10.95 P\OT1/cmss/m/n/10.95 (\OT1/mathkerncmss/m/sl/10.95
 N \OT1/cmss/m/n/10.95 = 2) = \OT1/mathkerncmss/m/sl/10.95 P\OT1/cmss/m/n/10.95
 ([]) = [][][][][][][][][][](0\OML/cmm/m/it/10.95 :\OT1/cmss/m/n/10.95 5[])0\OM
L/cmm/m/it/10.95 :\OT1/cmss/m/n/10.95 5
 []

[48

]
Overfull \hbox (16.5214pt too wide) detected at line 353
\OT1/mathkerncmss/m/sl/10.95 P\OT1/cmss/m/n/10.95 (\OT1/mathkerncmss/m/sl/10.95
 N \OT1/cmss/m/n/10.95 = 1) = \OT1/mathkerncmss/m/sl/10.95 P\OT1/cmss/m/n/10.95
 ([]) = [][][][][][][][][][](0\OML/cmm/m/it/10.95 :\OT1/cmss/m/n/10.95 5)0\OML/
cmm/m/it/10.95 :\OT1/cmss/m/n/10.95 5
 []


Overfull \hbox (16.13104pt too wide) detected at line 353
\OT1/mathkerncmss/m/sl/10.95 P\OT1/cmss/m/n/10.95 (\OT1/mathkerncmss/m/sl/10.95
 N \OT1/cmss/m/n/10.95 = 2) = \OT1/mathkerncmss/m/sl/10.95 P\OT1/cmss/m/n/10.95
 ([]) = [][][][][][][][][][](0\OML/cmm/m/it/10.95 :\OT1/cmss/m/n/10.95 5[])0\OM
L/cmm/m/it/10.95 :\OT1/cmss/m/n/10.95 5
 []

[49

]
Overfull \hbox (16.5214pt too wide) detected at line 353
\OT1/mathkerncmss/m/sl/10.95 P\OT1/cmss/m/n/10.95 (\OT1/mathkerncmss/m/sl/10.95
 N \OT1/cmss/m/n/10.95 = 1) = \OT1/mathkerncmss/m/sl/10.95 P\OT1/cmss/m/n/10.95
 ([]) = [][][][][][][][][][](0\OML/cmm/m/it/10.95 :\OT1/cmss/m/n/10.95 5)0\OML/
cmm/m/it/10.95 :\OT1/cmss/m/n/10.95 5
 []


Overfull \hbox (16.13104pt too wide) detected at line 353
\OT1/mathkerncmss/m/sl/10.95 P\OT1/cmss/m/n/10.95 (\OT1/mathkerncmss/m/sl/10.95
 N \OT1/cmss/m/n/10.95 = 2) = \OT1/mathkerncmss/m/sl/10.95 P\OT1/cmss/m/n/10.95
 ([]) = [][][][][][][][][][](0\OML/cmm/m/it/10.95 :\OT1/cmss/m/n/10.95 5[])0\OM
L/cmm/m/it/10.95 :\OT1/cmss/m/n/10.95 5
 []

[50

]
Overfull \hbox (16.5214pt too wide) detected at line 353
\OT1/mathkerncmss/m/sl/10.95 P\OT1/cmss/m/n/10.95 (\OT1/mathkerncmss/m/sl/10.95
 N \OT1/cmss/m/n/10.95 = 1) = \OT1/mathkerncmss/m/sl/10.95 P\OT1/cmss/m/n/10.95
 ([]) = [][][][][][][][][][](0\OML/cmm/m/it/10.95 :\OT1/cmss/m/n/10.95 5)0\OML/
cmm/m/it/10.95 :\OT1/cmss/m/n/10.95 5
 []


Overfull \hbox (16.13104pt too wide) detected at line 353
\OT1/mathkerncmss/m/sl/10.95 P\OT1/cmss/m/n/10.95 (\OT1/mathkerncmss/m/sl/10.95
 N \OT1/cmss/m/n/10.95 = 2) = \OT1/mathkerncmss/m/sl/10.95 P\OT1/cmss/m/n/10.95
 ([]) = [][][][][][][][][][](0\OML/cmm/m/it/10.95 :\OT1/cmss/m/n/10.95 5[])0\OM
L/cmm/m/it/10.95 :\OT1/cmss/m/n/10.95 5
 []

[51

]
Overfull \hbox (16.5214pt too wide) detected at line 353
\OT1/mathkerncmss/m/sl/10.95 P\OT1/cmss/m/n/10.95 (\OT1/mathkerncmss/m/sl/10.95
 N \OT1/cmss/m/n/10.95 = 1) = \OT1/mathkerncmss/m/sl/10.95 P\OT1/cmss/m/n/10.95
 ([]) = [][][][][][][][][][](0\OML/cmm/m/it/10.95 :\OT1/cmss/m/n/10.95 5)0\OML/
cmm/m/it/10.95 :\OT1/cmss/m/n/10.95 5
 []


Overfull \hbox (16.13104pt too wide) detected at line 353
\OT1/mathkerncmss/m/sl/10.95 P\OT1/cmss/m/n/10.95 (\OT1/mathkerncmss/m/sl/10.95
 N \OT1/cmss/m/n/10.95 = 2) = \OT1/mathkerncmss/m/sl/10.95 P\OT1/cmss/m/n/10.95
 ([]) = [][][][][][][][][][](0\OML/cmm/m/it/10.95 :\OT1/cmss/m/n/10.95 5[])0\OM
L/cmm/m/it/10.95 :\OT1/cmss/m/n/10.95 5
 []

[52

]
Overfull \hbox (16.5214pt too wide) detected at line 353
\OT1/mathkerncmss/m/sl/10.95 P\OT1/cmss/m/n/10.95 (\OT1/mathkerncmss/m/sl/10.95
 N \OT1/cmss/m/n/10.95 = 1) = \OT1/mathkerncmss/m/sl/10.95 P\OT1/cmss/m/n/10.95
 ([]) = [][][][][][][][][][][][][](0\OML/cmm/m/it/10.95 :\OT1/cmss/m/n/10.95 5)
0\OML/cmm/m/it/10.95 :\OT1/cmss/m/n/10.95 5
 []


Overfull \hbox (16.13104pt too wide) detected at line 353
\OT1/mathkerncmss/m/sl/10.95 P\OT1/cmss/m/n/10.95 (\OT1/mathkerncmss/m/sl/10.95
 N \OT1/cmss/m/n/10.95 = 2) = \OT1/mathkerncmss/m/sl/10.95 P\OT1/cmss/m/n/10.95
 ([]) = [][][][][][][][][][](0\OML/cmm/m/it/10.95 :\OT1/cmss/m/n/10.95 5[])0\OM
L/cmm/m/it/10.95 :\OT1/cmss/m/n/10.95 5
 []

[53

]
Overfull \hbox (16.5214pt too wide) detected at line 353
\OT1/mathkerncmss/m/sl/10.95 P\OT1/cmss/m/n/10.95 (\OT1/mathkerncmss/m/sl/10.95
 N \OT1/cmss/m/n/10.95 = 1) = \OT1/mathkerncmss/m/sl/10.95 P\OT1/cmss/m/n/10.95
 ([]) = [][][][][][][][][][][][][][][](0\OML/cmm/m/it/10.95 :\OT1/cmss/m/n/10.9
5 5)0\OML/cmm/m/it/10.95 :\OT1/cmss/m/n/10.95 5
 []


Overfull \hbox (16.13104pt too wide) detected at line 353
\OT1/mathkerncmss/m/sl/10.95 P\OT1/cmss/m/n/10.95 (\OT1/mathkerncmss/m/sl/10.95
 N \OT1/cmss/m/n/10.95 = 2) = \OT1/mathkerncmss/m/sl/10.95 P\OT1/cmss/m/n/10.95
 ([]) = [][][][][][][][][][][][][](0\OML/cmm/m/it/10.95 :\OT1/cmss/m/n/10.95 5[
])0\OML/cmm/m/it/10.95 :\OT1/cmss/m/n/10.95 5
 []

[54

]
Overfull \hbox (16.5214pt too wide) detected at line 353
\OT1/mathkerncmss/m/sl/10.95 P\OT1/cmss/m/n/10.95 (\OT1/mathkerncmss/m/sl/10.95
 N \OT1/cmss/m/n/10.95 = 1) = \OT1/mathkerncmss/m/sl/10.95 P\OT1/cmss/m/n/10.95
 ([]) = [][][][][][][][][][][][][][][](0\OML/cmm/m/it/10.95 :\OT1/cmss/m/n/10.9
5 5)0\OML/cmm/m/it/10.95 :\OT1/cmss/m/n/10.95 5
 []


Overfull \hbox (16.13104pt too wide) detected at line 353
\OT1/mathkerncmss/m/sl/10.95 P\OT1/cmss/m/n/10.95 (\OT1/mathkerncmss/m/sl/10.95
 N \OT1/cmss/m/n/10.95 = 2) = \OT1/mathkerncmss/m/sl/10.95 P\OT1/cmss/m/n/10.95
 ([]) = [][][][][][][][][][][][][][][](0\OML/cmm/m/it/10.95 :\OT1/cmss/m/n/10.9
5 5[])0\OML/cmm/m/it/10.95 :\OT1/cmss/m/n/10.95 5
 []

[55

] [56

] [57

] [58

]
Overfull \vbox (3.38794pt too high) detected at line 400
 []

[59

]
Overfull \vbox (3.38794pt too high) detected at line 400
 []

[60

]
Overfull \vbox (3.38794pt too high) detected at line 400
 []

[61

]
Overfull \vbox (3.38794pt too high) detected at line 400
 []

[62

] [63

] <Belmar.pdf, id=2459, 614.295pt x 794.97pt>
File: Belmar.pdf Graphic file (type pdf)
 <use Belmar.pdf>
Package pdftex.def Info: Belmar.pdf used on input line 411.
(pdftex.def)             Requested size: 614.29349pt x 794.96806pt.
 [64

 <./Belmar.pdf>] [65

]
Overfull \hbox (6.1383pt too wide) detected at line 433
\OT1/mathkerncmss/m/sl/10.95 V\OT1/cmss/m/n/10.95 (\OT1/mathkerncmss/m/sl/10.95
 T\OT1/cmss/m/n/10.95 ) = \OT1/mathkerncmss/m/sl/10.95 E\OT1/cmss/m/n/10.95 (\O
T1/mathkerncmss/m/sl/10.95 T[]\OT1/cmss/m/n/10.95 ) \OMS/cmsy/m/n/10.95 ^^@ \OT
1/cmss/m/n/10.95 [\OT1/mathkerncmss/m/sl/10.95 E\OT1/cmss/m/n/10.95 (\OT1/mathk
erncmss/m/sl/10.95 T\OT1/cmss/m/n/10.95 )][] \OMS/cmsy/m/n/10.95 ! \OT1/mathker
ncmss/m/sl/10.95 E\OT1/cmss/m/n/10.95 (\OT1/mathkerncmss/m/sl/10.95 T[]\OT1/cms
s/m/n/10.95 ) = \OT1/mathkerncmss/m/sl/10.95 V\OT1/cmss/m/n/10.95 (\OT1/mathker
ncmss/m/sl/10.95 T\OT1/cmss/m/n/10.95 ) + [\OT1/mathkerncmss/m/sl/10.95 E\OT1/c
mss/m/n/10.95 (\OT1/mathkerncmss/m/sl/10.95 T\OT1/cmss/m/n/10.95 )][] = 2 + 3[]
 = 11
 []

[66

]
Overfull \hbox (6.1383pt too wide) detected at line 433
\OT1/mathkerncmss/m/sl/10.95 V\OT1/cmss/m/n/10.95 (\OT1/mathkerncmss/m/sl/10.95
 T\OT1/cmss/m/n/10.95 ) = \OT1/mathkerncmss/m/sl/10.95 E\OT1/cmss/m/n/10.95 (\O
T1/mathkerncmss/m/sl/10.95 T[]\OT1/cmss/m/n/10.95 ) \OMS/cmsy/m/n/10.95 ^^@ \OT
1/cmss/m/n/10.95 [\OT1/mathkerncmss/m/sl/10.95 E\OT1/cmss/m/n/10.95 (\OT1/mathk
erncmss/m/sl/10.95 T\OT1/cmss/m/n/10.95 )][] \OMS/cmsy/m/n/10.95 ! \OT1/mathker
ncmss/m/sl/10.95 E\OT1/cmss/m/n/10.95 (\OT1/mathkerncmss/m/sl/10.95 T[]\OT1/cms
s/m/n/10.95 ) = \OT1/mathkerncmss/m/sl/10.95 V\OT1/cmss/m/n/10.95 (\OT1/mathker
ncmss/m/sl/10.95 T\OT1/cmss/m/n/10.95 ) + [\OT1/mathkerncmss/m/sl/10.95 E\OT1/c
mss/m/n/10.95 (\OT1/mathkerncmss/m/sl/10.95 T\OT1/cmss/m/n/10.95 )][] = 2 + 3[]
 = 11
 []

[67

]
Overfull \hbox (6.1383pt too wide) detected at line 433
\OT1/mathkerncmss/m/sl/10.95 V\OT1/cmss/m/n/10.95 (\OT1/mathkerncmss/m/sl/10.95
 T\OT1/cmss/m/n/10.95 ) = \OT1/mathkerncmss/m/sl/10.95 E\OT1/cmss/m/n/10.95 (\O
T1/mathkerncmss/m/sl/10.95 T[]\OT1/cmss/m/n/10.95 ) \OMS/cmsy/m/n/10.95 ^^@ \OT
1/cmss/m/n/10.95 [\OT1/mathkerncmss/m/sl/10.95 E\OT1/cmss/m/n/10.95 (\OT1/mathk
erncmss/m/sl/10.95 T\OT1/cmss/m/n/10.95 )][] \OMS/cmsy/m/n/10.95 ! \OT1/mathker
ncmss/m/sl/10.95 E\OT1/cmss/m/n/10.95 (\OT1/mathkerncmss/m/sl/10.95 T[]\OT1/cms
s/m/n/10.95 ) = \OT1/mathkerncmss/m/sl/10.95 V\OT1/cmss/m/n/10.95 (\OT1/mathker
ncmss/m/sl/10.95 T\OT1/cmss/m/n/10.95 ) + [\OT1/mathkerncmss/m/sl/10.95 E\OT1/c
mss/m/n/10.95 (\OT1/mathkerncmss/m/sl/10.95 T\OT1/cmss/m/n/10.95 )][] = 2 + 3[]
 = 11
 []

[68

]
Overfull \hbox (6.1383pt too wide) detected at line 433
\OT1/mathkerncmss/m/sl/10.95 V\OT1/cmss/m/n/10.95 (\OT1/mathkerncmss/m/sl/10.95
 T\OT1/cmss/m/n/10.95 ) = \OT1/mathkerncmss/m/sl/10.95 E\OT1/cmss/m/n/10.95 (\O
T1/mathkerncmss/m/sl/10.95 T[]\OT1/cmss/m/n/10.95 ) \OMS/cmsy/m/n/10.95 ^^@ \OT
1/cmss/m/n/10.95 [\OT1/mathkerncmss/m/sl/10.95 E\OT1/cmss/m/n/10.95 (\OT1/mathk
erncmss/m/sl/10.95 T\OT1/cmss/m/n/10.95 )][] \OMS/cmsy/m/n/10.95 ! \OT1/mathker
ncmss/m/sl/10.95 E\OT1/cmss/m/n/10.95 (\OT1/mathkerncmss/m/sl/10.95 T[]\OT1/cms
s/m/n/10.95 ) = \OT1/mathkerncmss/m/sl/10.95 V\OT1/cmss/m/n/10.95 (\OT1/mathker
ncmss/m/sl/10.95 T\OT1/cmss/m/n/10.95 ) + [\OT1/mathkerncmss/m/sl/10.95 E\OT1/c
mss/m/n/10.95 (\OT1/mathkerncmss/m/sl/10.95 T\OT1/cmss/m/n/10.95 )][] = 2 + 3[]
 = 11
 []

[69

]
Overfull \hbox (6.1383pt too wide) detected at line 433
\OT1/mathkerncmss/m/sl/10.95 V\OT1/cmss/m/n/10.95 (\OT1/mathkerncmss/m/sl/10.95
 T\OT1/cmss/m/n/10.95 ) = \OT1/mathkerncmss/m/sl/10.95 E\OT1/cmss/m/n/10.95 (\O
T1/mathkerncmss/m/sl/10.95 T[]\OT1/cmss/m/n/10.95 ) \OMS/cmsy/m/n/10.95 ^^@ \OT
1/cmss/m/n/10.95 [\OT1/mathkerncmss/m/sl/10.95 E\OT1/cmss/m/n/10.95 (\OT1/mathk
erncmss/m/sl/10.95 T\OT1/cmss/m/n/10.95 )][] \OMS/cmsy/m/n/10.95 ! \OT1/mathker
ncmss/m/sl/10.95 E\OT1/cmss/m/n/10.95 (\OT1/mathkerncmss/m/sl/10.95 T[]\OT1/cms
s/m/n/10.95 ) = \OT1/mathkerncmss/m/sl/10.95 V\OT1/cmss/m/n/10.95 (\OT1/mathker
ncmss/m/sl/10.95 T\OT1/cmss/m/n/10.95 ) + [\OT1/mathkerncmss/m/sl/10.95 E\OT1/c
mss/m/n/10.95 (\OT1/mathkerncmss/m/sl/10.95 T\OT1/cmss/m/n/10.95 )][] = 2 + 3[]
 = 11
 []

[70

]
Overfull \hbox (6.1383pt too wide) detected at line 433
\OT1/mathkerncmss/m/sl/10.95 V\OT1/cmss/m/n/10.95 (\OT1/mathkerncmss/m/sl/10.95
 T\OT1/cmss/m/n/10.95 ) = \OT1/mathkerncmss/m/sl/10.95 E\OT1/cmss/m/n/10.95 (\O
T1/mathkerncmss/m/sl/10.95 T[]\OT1/cmss/m/n/10.95 ) \OMS/cmsy/m/n/10.95 ^^@ \OT
1/cmss/m/n/10.95 [\OT1/mathkerncmss/m/sl/10.95 E\OT1/cmss/m/n/10.95 (\OT1/mathk
erncmss/m/sl/10.95 T\OT1/cmss/m/n/10.95 )][] \OMS/cmsy/m/n/10.95 ! \OT1/mathker
ncmss/m/sl/10.95 E\OT1/cmss/m/n/10.95 (\OT1/mathkerncmss/m/sl/10.95 T[]\OT1/cms
s/m/n/10.95 ) = \OT1/mathkerncmss/m/sl/10.95 V\OT1/cmss/m/n/10.95 (\OT1/mathker
ncmss/m/sl/10.95 T\OT1/cmss/m/n/10.95 ) + [\OT1/mathkerncmss/m/sl/10.95 E\OT1/c
mss/m/n/10.95 (\OT1/mathkerncmss/m/sl/10.95 T\OT1/cmss/m/n/10.95 )][] = 2 + 3[]
 = 11
 []

[71

]
Overfull \hbox (6.1383pt too wide) detected at line 433
\OT1/mathkerncmss/m/sl/10.95 V\OT1/cmss/m/n/10.95 (\OT1/mathkerncmss/m/sl/10.95
 T\OT1/cmss/m/n/10.95 ) = \OT1/mathkerncmss/m/sl/10.95 E\OT1/cmss/m/n/10.95 (\O
T1/mathkerncmss/m/sl/10.95 T[]\OT1/cmss/m/n/10.95 ) \OMS/cmsy/m/n/10.95 ^^@ \OT
1/cmss/m/n/10.95 [\OT1/mathkerncmss/m/sl/10.95 E\OT1/cmss/m/n/10.95 (\OT1/mathk
erncmss/m/sl/10.95 T\OT1/cmss/m/n/10.95 )][] \OMS/cmsy/m/n/10.95 ! \OT1/mathker
ncmss/m/sl/10.95 E\OT1/cmss/m/n/10.95 (\OT1/mathkerncmss/m/sl/10.95 T[]\OT1/cms
s/m/n/10.95 ) = \OT1/mathkerncmss/m/sl/10.95 V\OT1/cmss/m/n/10.95 (\OT1/mathker
ncmss/m/sl/10.95 T\OT1/cmss/m/n/10.95 ) + [\OT1/mathkerncmss/m/sl/10.95 E\OT1/c
mss/m/n/10.95 (\OT1/mathkerncmss/m/sl/10.95 T\OT1/cmss/m/n/10.95 )][] = 2 + 3[]
 = 11
 []

[72

]
Overfull \hbox (6.1383pt too wide) detected at line 433
\OT1/mathkerncmss/m/sl/10.95 V\OT1/cmss/m/n/10.95 (\OT1/mathkerncmss/m/sl/10.95
 T\OT1/cmss/m/n/10.95 ) = \OT1/mathkerncmss/m/sl/10.95 E\OT1/cmss/m/n/10.95 (\O
T1/mathkerncmss/m/sl/10.95 T[]\OT1/cmss/m/n/10.95 ) \OMS/cmsy/m/n/10.95 ^^@ \OT
1/cmss/m/n/10.95 [\OT1/mathkerncmss/m/sl/10.95 E\OT1/cmss/m/n/10.95 (\OT1/mathk
erncmss/m/sl/10.95 T\OT1/cmss/m/n/10.95 )][] \OMS/cmsy/m/n/10.95 ! \OT1/mathker
ncmss/m/sl/10.95 E\OT1/cmss/m/n/10.95 (\OT1/mathkerncmss/m/sl/10.95 T[]\OT1/cms
s/m/n/10.95 ) = \OT1/mathkerncmss/m/sl/10.95 V\OT1/cmss/m/n/10.95 (\OT1/mathker
ncmss/m/sl/10.95 T\OT1/cmss/m/n/10.95 ) + [\OT1/mathkerncmss/m/sl/10.95 E\OT1/c
mss/m/n/10.95 (\OT1/mathkerncmss/m/sl/10.95 T\OT1/cmss/m/n/10.95 )][] = 2 + 3[]
 = 11
 []

[73

] <Belmar_aerial.jpg, id=2816, 401.5pt x 255.95625pt>
File: Belmar_aerial.jpg Graphic file (type jpg)

<use Belmar_aerial.jpg>
Package pdftex.def Info: Belmar_aerial.jpg used on input line 437.
(pdftex.def)             Requested size: 200.7495pt x 127.9778pt.
 [74

 <./Belmar_aerial.jpg>] [75

] [76

] [77

] [78

] [79

]
[80

] [81

] [82

] <PoissonPMF.png, id=3127, 361.35pt x 289.08pt>
File: PoissonPMF.png Graphic file (type png)

<use PoissonPMF.png>
Package pdftex.def Info: PoissonPMF.png used on input line 493.
(pdftex.def)             Requested size: 108.40584pt x 86.72466pt.
 [83

 <./PoissonPMF.png>]
\openout4 = `Precept2_RVs_alt.vrb'.

 (./Precept2_RVs_alt.vrb) [84

]
\openout4 = `Precept2_RVs_alt.vrb'.


(./Precept2_RVs_alt.vrb) [85

]
\openout4 = `Precept2_RVs_alt.vrb'.

 (./Precept2_RVs_alt.vrb) [86

]
<MeltExample.pdf, id=3268, 289.08pt x 289.08pt>
File: MeltExample.pdf Graphic file (type pdf)
 <use MeltExample.pdf>
Package pdftex.def Info: MeltExample.pdf used on input line 559.
(pdftex.def)             Requested size: 231.2643pt x 231.2643pt.

Overfull \vbox (17.18842pt too high) detected at line 559
 []

[87

 <./MeltExample.pdf>] [88

] <PreMarathon.pdf, id=3344, 614.295pt x 794.97pt>
File: PreMarathon.pdf Graphic file (type pdf)

<use PreMarathon.pdf>
Package pdftex.def Info: PreMarathon.pdf used on input line 576.
(pdftex.def)             Requested size: 614.29349pt x 794.96806pt.
 [89

 <./PreMarathon.pdf>]
<PostMarathon.pdf, id=3392, 614.295pt x 794.97pt>
File: PostMarathon.pdf Graphic file (type pdf)
 <use PostMarathon.pdf>
Package pdftex.def Info: PostMarathon.pdf used on input line 582.
(pdftex.def)             Requested size: 614.29349pt x 794.96806pt.

[90

 <./PostMarathon.pdf>] [91

] [92

] [93

]
<Section2PMF.pdf, id=3542, 483.8075pt x 482.80376pt>
File: Section2PMF.pdf Graphic file (type pdf)
 <use Section2PMF.pdf>
Package pdftex.def Info: Section2PMF.pdf used on input line 633.
(pdftex.def)             Requested size: 193.51956pt x 193.11807pt.

[94

 <./Section2PMF.pdf>] [95

] [96

] [97

] [98

] [99

] [100

]
\openout4 = `Precept2_RVs_alt.vrb'.

 (./Precept2_RVs_alt.vrb) [101

] (./Precept2_RVs_alt.vrb) [102

] (./Precept2_RVs_alt.vrb) [103

]
<Benford_powers_of_2.pdf, id=3893, 289.08pt x 289.08pt>
File: Benford_powers_of_2.pdf Graphic file (type pdf)

<use Benford_powers_of_2.pdf>
Package pdftex.def Info: Benford_powers_of_2.pdf used on input line 725.
(pdftex.def)             Requested size: 202.35461pt x 202.35461pt.
 [104

 <./Benford_powers_of_2.pdf>]
<Multivariate_Gaussian.png, id=3935, 1284.8pt x 803.0pt>
File: Multivariate_Gaussian.png Graphic file (type png)

<use Multivariate_Gaussian.png>
Package pdftex.def Info: Multivariate_Gaussian.png used on input line 732.
(pdftex.def)             Requested size: 256.95544pt x 160.59715pt.
 [105

 <./Multivariate_Gaussian.png>]
<Joint_CDF.pdf, id=3972, 361.35pt x 361.35pt>
File: Joint_CDF.pdf Graphic file (type pdf)
 <use Joint_CDF.pdf>
Package pdftex.def Info: Joint_CDF.pdf used on input line 738.
(pdftex.def)             Requested size: 216.81168pt x 216.81168pt.

Overfull \vbox (2.7358pt too high) detected at line 738
 []

[106

 <./Joint_CDF.pdf>] [107

] [108

] [109

] [110

] [111

]
<Marginal_dists.pdf, id=4187, 289.08pt x 289.08pt>
File: Marginal_dists.pdf Graphic file (type pdf)
 <use Marginal_dists.pdf>
Package pdftex.def Info: Marginal_dists.pdf used on input line 763.
(pdftex.def)             Requested size: 202.35461pt x 202.35461pt.

[112

 <./Marginal_dists.pdf>]
Overfull \vbox (0.94301pt too high) detected at line 784
 []

[113

]
Overfull \vbox (0.94301pt too high) detected at line 784
 []

[114

]
Overfull \vbox (0.94301pt too high) detected at line 784
 []

[115

]
Overfull \vbox (0.94301pt too high) detected at line 784
 []

[116

]
Overfull \vbox (0.94301pt too high) detected at line 784
 []

[117

]
Overfull \vbox (0.94301pt too high) detected at line 784
 []

[118

] [119

] [120

]
\openout4 = `Precept2_RVs_alt.vrb'.

 (./Precept2_RVs_alt.vrb) [121

] (./Precept2_RVs_alt.vrb)
[122

]
\openout4 = `Precept2_RVs_alt.vrb'.

 (./Precept2_RVs_alt.vrb) [123

] (./Precept2_RVs_alt.vrb) [124

]
\openout4 = `Precept2_RVs_alt.vrb'.


(./Precept2_RVs_alt.vrb <SumDiff.pdf, id=4642, 361.35pt x 289.08pt>
File: SumDiff.pdf Graphic file (type pdf)

<use SumDiff.pdf>
Package pdftex.def Info: SumDiff.pdf used on input line 2.
(pdftex.def)             Requested size: 252.94327pt x 202.35461pt.
) [125

 <./SumDiff.pdf>] [126

] [127

]
<Pew_wealth.png, id=4754, 290.08376pt x 210.7875pt>
File: Pew_wealth.png Graphic file (type png)
 <use Pew_wealth.png>
Package pdftex.def Info: Pew_wealth.png used on input line 864.
(pdftex.def)             Requested size: 145.04152pt x 105.3935pt.

<WealthDist.pdf, id=4755, 433.62pt x 216.81pt>
File: WealthDist.pdf Graphic file (type pdf)
 <use WealthDist.pdf>
Package pdftex.def Info: WealthDist.pdf used on input line 864.
(pdftex.def)             Requested size: 130.087pt x 65.04349pt.
 [128

 <./Pew_wealth.png> <./WealthDist.pdf>] [129

] [130

] [131

] [132

] [133

] [134

] [135

]
[136

] [137

] [138

] [139

] <ExpoPDF.png, id=5174, 361.35pt x 289.08pt>
File: ExpoPDF.png Graphic file (type png)

<use ExpoPDF.png>
Package pdftex.def Info: ExpoPDF.png used on input line 911.
(pdftex.def)             Requested size: 108.40584pt x 86.72466pt.
 [140

 <./ExpoPDF.png>] [141

] [142

] [143

]
<GammaPDF.png, id=5313, 803.0pt x 602.25pt>
File: GammaPDF.png Graphic file (type png)
 <use GammaPDF.png>
Package pdftex.def Info: GammaPDF.png used on input line 937.
(pdftex.def)             Requested size: 120.4448pt x 90.33359pt.
 [144

 <./GammaPDF.png>] [145

] [146

] [147

] <BetaPDF.png, id=5454, 532.99126pt x 426.59375pt>
File: BetaPDF.png Graphic file (type png)

<use BetaPDF.png>
Package pdftex.def Info: BetaPDF.png used on input line 959.
(pdftex.def)             Requested size: 159.8986pt x 127.97911pt.
 [148

 <./BetaPDF.png>]
File: PoissonPMF.png Graphic file (type png)
 <use PoissonPMF.png>
Package pdftex.def Info: PoissonPMF.png used on input line 967.
(pdftex.def)             Requested size: 108.40584pt x 86.72466pt.
 [149

] [150

]
[151

] <Chi2PDF.png, id=5596, 602.25pt x 401.5pt>
File: Chi2PDF.png Graphic file (type png)
 <use Chi2PDF.png>
Package pdftex.def Info: Chi2PDF.png used on input line 988.
(pdftex.def)             Requested size: 240.89572pt x 160.59715pt.
 [152

 <./Chi2PDF.png>] <NormalPDF.png, id=5632, 722.7pt x 461.725pt>
File: NormalPDF.png Graphic file (type png)
 <use NormalPDF.png>
Package pdftex.def Info: NormalPDF.png used on input line 995.
(pdftex.def)             Requested size: 216.81166pt x 138.51857pt.

[153

 <./NormalPDF.png>] [154

] [155

] [156

] [157

]
\tf@nav=\write6
\openout6 = `Precept2_RVs_alt.nav'.

\tf@toc=\write7
\openout7 = `Precept2_RVs_alt.toc'.

\tf@snm=\write8
\openout8 = `Precept2_RVs_alt.snm'.

Package atveryend Info: Empty hook `BeforeClearDocument' on input line 1060.
Package atveryend Info: Empty hook `AfterLastShipout' on input line 1060.
 (./Precept2_RVs_alt.aux)
Package atveryend Info: Executing hook `AtVeryEndDocument' on input line 1060.
Package atveryend Info: Executing hook `AtEndAfterFileList' on input line 1060.

Package rerunfilecheck Info: File `Precept2_RVs_alt.out' has not changed.
(rerunfilecheck)             Checksum: BB10AFCA3CB0E70B594B83C7EBC947AB;413.


LaTeX Font Warning: Size substitutions with differences
(Font)              up to 1.0pt have occurred.

Package atveryend Info: Empty hook `AtVeryVeryEnd' on input line 1060.
 ) 
Here is how much of TeX's memory you used:
 17627 strings out of 493089
 335987 string characters out of 6134842
 397834 words of memory out of 5000000
 20300 multiletter control sequences out of 15000+600000
 19586 words of font info for 72 fonts, out of 8000000 for 9000
 1141 hyphenation exceptions out of 8191
 56i,16n,55p,452b,653s stack positions out of 5000i,500n,10000p,200000b,80000s
</usr/local/texlive/2015/texmf-dist/fonts/type1/public/amsfonts/cm/cmex10.pfb
></usr/local/texlive/2015/texmf-dist/fonts/type1/public/amsfonts/cmextra/cmex9.
pfb></usr/local/texlive/2015/texmf-dist/fonts/type1/public/amsfonts/cm/cmmi10.p
fb></usr/local/texlive/2015/texmf-dist/fonts/type1/public/amsfonts/cm/cmmi12.pf
b></usr/local/texlive/2015/texmf-dist/fonts/type1/public/amsfonts/cm/cmmi6.pfb>
</usr/local/texlive/2015/texmf-dist/fonts/type1/public/amsfonts/cm/cmmi8.pfb></
usr/local/texlive/2015/texmf-dist/fonts/type1/public/amsfonts/cm/cmmi9.pfb></us
r/local/texlive/2015/texmf-dist/fonts/type1/public/amsfonts/cm/cmss10.pfb></usr
/local/texlive/2015/texmf-dist/fonts/type1/public/amsfonts/cm/cmss12.pfb></usr/
local/texlive/2015/texmf-dist/fonts/type1/public/amsfonts/cm/cmss8.pfb></usr/lo
cal/texlive/2015/texmf-dist/fonts/type1/public/amsfonts/cm/cmss9.pfb></usr/loca
l/texlive/2015/texmf-dist/fonts/type1/public/amsfonts/cm/cmssbx10.pfb></usr/loc
al/texlive/2015/texmf-dist/fonts/type1/public/amsfonts/cm/cmssi10.pfb></usr/loc
al/texlive/2015/texmf-dist/fonts/type1/public/amsfonts/cm/cmssi8.pfb></usr/loca
l/texlive/2015/texmf-dist/fonts/type1/public/amsfonts/cm/cmssi9.pfb></usr/local
/texlive/2015/texmf-dist/fonts/type1/public/amsfonts/cm/cmsy10.pfb></usr/local/
texlive/2015/texmf-dist/fonts/type1/public/amsfonts/cm/cmsy6.pfb></usr/local/te
xlive/2015/texmf-dist/fonts/type1/public/amsfonts/cm/cmsy8.pfb></usr/local/texl
ive/2015/texmf-dist/fonts/type1/public/amsfonts/cm/cmsy9.pfb></usr/local/texliv
e/2015/texmf-dist/fonts/type1/public/amsfonts/cm/cmtt10.pfb></usr/local/texlive
/2015/texmf-dist/fonts/type1/public/amsfonts/cm/cmtt12.pfb></usr/local/texlive/
2015/texmf-dist/fonts/type1/public/amsfonts/cm/cmtt9.pfb>
Output written on Precept2_RVs_alt.pdf (157 pages, 2064082 bytes).
PDF statistics:
 5950 PDF objects out of 6186 (max. 8388607)
 5600 compressed objects within 56 object streams
 324 named destinations out of 1000 (max. 500000)
 389 words of extra memory for PDF output out of 10000 (max. 10000000)

